<?xml version="1.0" encoding="UTF-8"?>
<testng-results ignored="0" total="1" passed="1" failed="0" skipped="0">
  <reporter-output>
  </reporter-output>
  <suite started-at="2025-04-03T10:24:54 IST" name="Default suite" finished-at="2025-04-03T10:25:19 IST" duration-ms="24821">
    <groups>
    </groups>
    <test started-at="2025-04-03T10:24:54 IST" name="Default test" finished-at="2025-04-03T10:25:19 IST" duration-ms="24821">
      <class name="com.ShoppersStack_TestScripts.TC_002_verify_user_is_able_to_delete_address_or_not">
        <test-method is-config="true" signature="beforeSuite()[pri:0, instance:com.ShoppersStack_TestScripts.TC_002_verify_user_is_able_to_delete_address_or_not@3eb738bb]" started-at="2025-04-03T10:24:54 IST" name="beforeSuite" finished-at="2025-04-03T10:24:54 IST" duration-ms="13" status="PASS">
          <reporter-output>
          </reporter-output>
        </test-method> <!-- beforeSuite -->
        <test-method is-config="true" signature="beforeTest()[pri:0, instance:com.ShoppersStack_TestScripts.TC_002_verify_user_is_able_to_delete_address_or_not@3eb738bb]" started-at="2025-04-03T10:24:54 IST" name="beforeTest" finished-at="2025-04-03T10:24:54 IST" duration-ms="355" status="PASS">
          <reporter-output>
          </reporter-output>
        </test-method> <!-- beforeTest -->
        <test-method is-config="true" signature="beforeClass()[pri:0, instance:com.ShoppersStack_TestScripts.TC_002_verify_user_is_able_to_delete_address_or_not@3eb738bb]" started-at="2025-04-03T10:24:54 IST" name="beforeClass" finished-at="2025-04-03T10:24:59 IST" duration-ms="4386" status="PASS">
          <reporter-output>
          </reporter-output>
        </test-method> <!-- beforeClass -->
        <test-method is-config="true" signature="beforeMethod()[pri:0, instance:com.ShoppersStack_TestScripts.TC_002_verify_user_is_able_to_delete_address_or_not@3eb738bb]" started-at="2025-04-03T10:24:59 IST" name="beforeMethod" finished-at="2025-04-03T10:25:07 IST" duration-ms="8699" status="PASS">
          <reporter-output>
          </reporter-output>
        </test-method> <!-- beforeMethod -->
        <test-method signature="deleteAddress()[pri:0, instance:com.ShoppersStack_TestScripts.TC_002_verify_user_is_able_to_delete_address_or_not@3eb738bb]" started-at="2025-04-03T10:25:07 IST" name="deleteAddress" finished-at="2025-04-03T10:25:13 IST" duration-ms="5244" status="PASS">
          <reporter-output>
          </reporter-output>
        </test-method> <!-- deleteAddress -->
        <test-method is-config="true" signature="afterMethod()[pri:0, instance:com.ShoppersStack_TestScripts.TC_002_verify_user_is_able_to_delete_address_or_not@3eb738bb]" started-at="2025-04-03T10:25:13 IST" name="afterMethod" finished-at="2025-04-03T10:25:14 IST" duration-ms="1484" status="PASS">
          <reporter-output>
          </reporter-output>
        </test-method> <!-- afterMethod -->
        <test-method is-config="true" signature="afterClass()[pri:0, instance:com.ShoppersStack_TestScripts.TC_002_verify_user_is_able_to_delete_address_or_not@3eb738bb]" started-at="2025-04-03T10:25:14 IST" name="afterClass" finished-at="2025-04-03T10:25:18 IST" duration-ms="3564" status="PASS">
          <reporter-output>
          </reporter-output>
        </test-method> <!-- afterClass -->
        <test-method is-config="true" signature="afterTest()[pri:0, instance:com.ShoppersStack_TestScripts.TC_002_verify_user_is_able_to_delete_address_or_not@3eb738bb]" started-at="2025-04-03T10:25:18 IST" name="afterTest" finished-at="2025-04-03T10:25:19 IST" duration-ms="998" status="PASS">
          <reporter-output>
          </reporter-output>
        </test-method> <!-- afterTest -->
        <test-method is-config="true" signature="afterSuite()[pri:0, instance:com.ShoppersStack_TestScripts.TC_002_verify_user_is_able_to_delete_address_or_not@3eb738bb]" started-at="2025-04-03T10:25:19 IST" name="afterSuite" finished-at="2025-04-03T10:25:19 IST" duration-ms="3" status="PASS">
          <reporter-output>
          </reporter-output>
        </test-method> <!-- afterSuite -->
      </class> <!-- com.ShoppersStack_TestScripts.TC_002_verify_user_is_able_to_delete_address_or_not -->
    </test> <!-- Default test -->
  </suite> <!-- Default suite -->
</testng-results>
